<?xml version="1.0" encoding="UTF-8"?>
<!-- Generated by org.testng.reporters.JUnitReportReporter -->
<testsuite hostname="DESKTOP-MHPKPV3" failures="0" tests="1" name="testDef.mi" time="0.017" errors="0" timestamp="2022-03-20T12:24:00 WAT" skipped="0">
  <testcase classname="testDef.mi" name="i_dance" time="0.017"/>
  <system-out/>
</testsuite> <!-- testDef.mi -->
