<?xml version="1.0" encoding="UTF-8"?>
<!-- Generated by org.testng.reporters.JUnitReportReporter -->
<testsuite hostname="DESKTOP-MHPKPV3" failures="0" tests="1" name="StepDefinitions.mi" time="0.012" errors="0" timestamp="2022-03-19T20:17:39 WAT" skipped="0">
  <testcase classname="StepDefinitions.mi" name="variable_ddks" time="0.012"/>
  <system-out/>
</testsuite> <!-- StepDefinitions.mi -->
