<?xml version="1.0" encoding="UTF-8"?>
<!-- Generated by org.testng.reporters.JUnitReportReporter -->
<testsuite hostname="DESKTOP-MHPKPV3" failures="0" tests="2" name="Runner.TestRunner" time="5.116" errors="2" timestamp="2022-04-13T07:22:03 WAT" skipped="0">
  <testcase classname="Runner.TestRunner" name="runScenario" time="4.892">
    <error message="Filter: [0][&#039;firstName&#039;] can only be applied to arrays. Current context is: {}" type="com.jayway.jsonpath.PathNotFoundException">
      <![CDATA[com.jayway.jsonpath.PathNotFoundException: Filter: [0]['firstName'] can only be applied to arrays. Current context is: {}
]]>
    </error>
  </testcase> <!-- runScenario -->
  <system-out/>
  <testcase classname="Runner.TestRunner" name="runScenario" time="0.224">
    <error message="Filter: [0][&#039;firstName&#039;] can only be applied to arrays. Current context is: {}" type="com.jayway.jsonpath.PathNotFoundException">
      <![CDATA[com.jayway.jsonpath.PathNotFoundException: Filter: [0]['firstName'] can only be applied to arrays. Current context is: {}
]]>
    </error>
  </testcase> <!-- runScenario -->
  <system-out/>
</testsuite> <!-- Runner.TestRunner -->
